\BOOKMARK [0][-]{acknowledgements.0}{Agradecimentos}{}% 1
\BOOKMARK [0][-]{resumo.0}{Resumo}{}% 2
\BOOKMARK [0][-]{chapter.1}{Introdu\347\343o}{}% 3
\BOOKMARK [1][-]{section.1.1}{Contextualiza\347\343o}{chapter.1}% 4
\BOOKMARK [1][-]{section.1.2}{Objetivos}{chapter.1}% 5
\BOOKMARK [2][-]{subsection.1.2.1}{Objetivos Espec\355ficos}{section.1.2}% 6
\BOOKMARK [1][-]{section.1.3}{Estrutura do Trabalho}{chapter.1}% 7
\BOOKMARK [0][-]{chapter.2}{Fundamenta\347\343o Te\363rica}{}% 8
\BOOKMARK [1][-]{section.2.1}{Proveni\352ncia de Dados}{chapter.2}% 9
\BOOKMARK [2][-]{subsection.2.1.1}{PROV-DM - Provenance Data Model}{section.2.1}% 10
\BOOKMARK [1][-]{section.2.2}{Armazenamento de Dados na Nuvem baseado em NoSQL}{chapter.2}% 11
\BOOKMARK [2][-]{subsection.2.2.1}{Modelo de Dados de Grafo}{section.2.2}% 12
\BOOKMARK [2][-]{subsection.2.2.2}{Banco de dados relacional versus Banco de dados de grafo}{section.2.2}% 13
\BOOKMARK [1][-]{section.2.3}{Trabalhos Relacionados}{chapter.2}% 14
\BOOKMARK [0][-]{chapter.3}{A Arquitetura Proposta}{}% 15
\BOOKMARK [1][-]{section.3.1}{Contextualiza\347\343o da Proposta}{chapter.3}% 16
\BOOKMARK [1][-]{section.3.2}{Modelo de dados de proveni\352ncia no NoSQL baseado em bancos de dados de grafo}{chapter.3}% 17
\BOOKMARK [1][-]{section.3.3}{Arquitetura proposta}{chapter.3}% 18
\BOOKMARK [0][-]{chapter.4}{Metodologia e Cronograma}{}% 19
\BOOKMARK [1][-]{section.4.1}{Metodologia}{chapter.4}% 20
\BOOKMARK [2][-]{subsection.4.1.1}{Primeira fase: estudo e an\341lise}{section.4.1}% 21
\BOOKMARK [2][-]{subsection.4.1.2}{Segunda fase: especifica\347\343o da arquitetura}{section.4.1}% 22
\BOOKMARK [2][-]{subsection.4.1.3}{Terceira fase: implementa\347\343o}{section.4.1}% 23
\BOOKMARK [2][-]{subsection.4.1.4}{Quarta fase: testes}{section.4.1}% 24
\BOOKMARK [2][-]{subsection.4.1.5}{Quinta fase: avalia\347\343o e corre\347\343o}{section.4.1}% 25
\BOOKMARK [2][-]{subsection.4.1.6}{Sexta Fase: publica\347\343o e defesa da disserta\347\343o}{section.4.1}% 26
\BOOKMARK [1][-]{section.4.2}{Cronograma de Execu\347\343o}{chapter.4}% 27
\BOOKMARK [0][-]{section*.5}{Refer\352ncias}{}% 28
